<?xml version="1.0" encoding="UTF-8"?>
<!-- Generated by org.testng.reporters.JUnitReportReporter -->
<testsuite hostname="DELL-C0HKRC2" failures="0" tests="5" name="pruebas.Test_Laboratorio4" time="57.019" errors="0" timestamp="2021-10-21T20:25:54 ART" skipped="0">
  <testcase classname="pruebas.Test_Laboratorio4" name="login" time="11.220"/>
  <system-out/>
  <testcase classname="pruebas.Test_Laboratorio4" name="login" time="10.618"/>
  <system-out/>
  <testcase classname="pruebas.Test_Laboratorio4" name="login" time="14.804"/>
  <system-out/>
  <testcase classname="pruebas.Test_Laboratorio4" name="login" time="10.369"/>
  <system-out/>
  <testcase classname="pruebas.Test_Laboratorio4" name="login" time="10.008"/>
  <system-out/>
</testsuite> <!-- pruebas.Test_Laboratorio4 -->
