<?xml version="1.0" encoding="UTF-8"?>
<!-- Generated by org.testng.reporters.JUnitReportReporter -->
<testsuite hostname="DELL-C0HKRC2" failures="0" tests="1" name="Edit.EducacionITJueves.Laboratorio3" time="2.240" errors="0" timestamp="2021-10-14T21:28:00 ART" skipped="0">
  <testcase classname="Edit.EducacionITJueves.Laboratorio3" name="buscarPalabra" time="2.240"/>
  <system-out/>
</testsuite> <!-- Edit.EducacionITJueves.Laboratorio3 -->
