<?xml version="1.0" encoding="UTF-8"?>
<!-- Generated by org.testng.reporters.JUnitReportReporter -->
<testsuite hostname="DELL-C0HKRC2" failures="0" tests="2" name="Edit.EducacionITJueves.Laboratorio1" time="22.565" errors="0" timestamp="2021-10-14T21:07:18 ART" skipped="0">
  <testcase classname="Edit.EducacionITJueves.Laboratorio1" name="hacerBusquedaEnFirefox" time="14.303"/>
  <system-out/>
  <testcase classname="Edit.EducacionITJueves.Laboratorio1" name="hacerBusquedaEnChrome" time="8.262"/>
  <system-out/>
</testsuite> <!-- Edit.EducacionITJueves.Laboratorio1 -->
