<?xml version="1.0" encoding="UTF-8"?>
<!-- Generated by org.testng.reporters.JUnitReportReporter -->
<testsuite hostname="DELL-C0HKRC2" failures="0" tests="2" name="pruebas.Test_Laboratorio3_E2" time="10.997" errors="0" timestamp="2021-10-21T19:31:49 ART" skipped="0">
  <testcase classname="pruebas.Test_Laboratorio3_E2" name="irAContactUs" time="1.619"/>
  <system-out/>
  <testcase classname="pruebas.Test_Laboratorio3_E2" name="login" time="9.378"/>
  <system-out/>
</testsuite> <!-- pruebas.Test_Laboratorio3_E2 -->
