<?xml version="1.0" encoding="UTF-8"?>
<!-- Generated by org.testng.reporters.JUnitReportReporter -->
<testsuite hostname="DELL-C0HKRC2" failures="0" tests="1" name="Edit.EducacionITJueves.AppTest" time="0.001" errors="0" timestamp="2021-10-14T21:07:18 ART" skipped="0">
  <testcase classname="Edit.EducacionITJueves.AppTest" name="imprimirHolaMundo" time="0.001"/>
  <system-out/>
</testsuite> <!-- Edit.EducacionITJueves.AppTest -->
